<?xml version="1.0" encoding="UTF-8"?>
<!-- Generated by org.testng.reporters.JUnitXMLReporter -->
<testsuite ignored="52" hostname="DESKTOP-LKAV5P8" failures="1" tests="1" name="Default test" time="14.314" errors="0" timestamp="2022-12-18T21:13:26 GMT-05:00">
  <testcase classname="Amazon_Test_Layer.Login_Test_01" name="testcase28" time="14.251">
    <failure type="org.openqa.selenium.support.ui.UnexpectedTagNameException" message="Element should have been &amp;quot;select&amp;quot; but was &amp;quot;span&amp;quot;
Build info: version: &amp;apos;3.141.59&amp;apos;, revision: &amp;apos;e82be7d358&amp;apos;, time: &amp;apos;2018-11-14T08:17:03&amp;apos;
System info: host: &amp;apos;DESKTOP-LKAV5P8&amp;apos;, ip: &amp;apos;192.168.232.1&amp;apos;, os.name: &amp;apos;Windows 11&amp;apos;, os.arch: &amp;apos;amd64&amp;apos;, os.version: &amp;apos;10.0&amp;apos;, java.version: &amp;apos;18.0.2.1&amp;apos;
Driver info: driver.version: unknown">
      <![CDATA[org.openqa.selenium.support.ui.UnexpectedTagNameException: Element should have been "select" but was "span"
Build info: version: '3.141.59', revision: 'e82be7d358', time: '2018-11-14T08:17:03'
System info: host: 'DESKTOP-LKAV5P8', ip: '192.168.232.1', os.name: 'Windows 11', os.arch: 'amd64', os.version: '10.0', java.version: '18.0.2.1'
Driver info: driver.version: unknown
at org.openqa.selenium.support.ui.Select.<init>(Select.java:48)
at Amazon_Testcases.Amazon_Testcase_28.<init>(Amazon_Testcase_28.java:45)
at Amazon_Test_Layer.Login_Test_01.testcase28(Login_Test_01.java:228)
at java.base/jdk.internal.reflect.DirectMethodHandleAccessor.invoke(DirectMethodHandleAccessor.java:104)
at java.base/java.lang.reflect.Method.invoke(Method.java:577)
at org.testng.internal.invokers.MethodInvocationHelper.invokeMethod(MethodInvocationHelper.java:139)
at org.testng.internal.invokers.TestInvoker.invokeMethod(TestInvoker.java:677)
at org.testng.internal.invokers.TestInvoker.invokeTestMethod(TestInvoker.java:221)
at org.testng.internal.invokers.MethodRunner.runInSequence(MethodRunner.java:50)
at org.testng.internal.invokers.TestInvoker$MethodInvocationAgent.invoke(TestInvoker.java:962)
at org.testng.internal.invokers.TestInvoker.invokeTestMethods(TestInvoker.java:194)
at org.testng.internal.invokers.TestMethodWorker.invokeTestMethods(TestMethodWorker.java:148)
at org.testng.internal.invokers.TestMethodWorker.run(TestMethodWorker.java:128)
at java.base/java.util.ArrayList.forEach(ArrayList.java:1511)
at org.testng.TestRunner.privateRun(TestRunner.java:806)
at org.testng.TestRunner.run(TestRunner.java:601)
at org.testng.SuiteRunner.runTest(SuiteRunner.java:433)
at org.testng.SuiteRunner.runSequentially(SuiteRunner.java:427)
at org.testng.SuiteRunner.privateRun(SuiteRunner.java:387)
at org.testng.SuiteRunner.run(SuiteRunner.java:330)
at org.testng.SuiteRunnerWorker.runSuite(SuiteRunnerWorker.java:52)
at org.testng.SuiteRunnerWorker.run(SuiteRunnerWorker.java:95)
at org.testng.TestNG.runSuitesSequentially(TestNG.java:1256)
at org.testng.TestNG.runSuitesLocally(TestNG.java:1176)
at org.testng.TestNG.runSuites(TestNG.java:1099)
at org.testng.TestNG.run(TestNG.java:1067)
at org.testng.remote.AbstractRemoteTestNG.run(AbstractRemoteTestNG.java:115)
at org.testng.remote.RemoteTestNG.initAndRun(RemoteTestNG.java:251)
at org.testng.remote.RemoteTestNG.main(RemoteTestNG.java:77)
]]>
    </failure>
  </testcase> <!-- testcase28 -->
  <testcase classname="Amazon_Test_Layer.Login_Test_01" name="testcase51" time="0.0">
    <ignored/>
  </testcase> <!-- testcase51 -->
  <testcase classname="Amazon_Test_Layer.Login_Test_01" name="testcase09" time="0.0">
    <ignored/>
  </testcase> <!-- testcase09 -->
  <testcase classname="Amazon_Test_Layer.Login_Test_01" name="testcase29" time="0.0">
    <ignored/>
  </testcase> <!-- testcase29 -->
  <testcase classname="Amazon_Test_Layer.Login_Test_01" name="testcase17" time="0.0">
    <ignored/>
  </testcase> <!-- testcase17 -->
  <testcase classname="Amazon_Test_Layer.Login_Test_01" name="testcase01" time="0.0">
    <ignored/>
  </testcase> <!-- testcase01 -->
  <testcase classname="Amazon_Test_Layer.Login_Test_01" name="testcase45" time="0.0">
    <ignored/>
  </testcase> <!-- testcase45 -->
  <testcase classname="Amazon_Test_Layer.Login_Test_01" name="testcase33" time="0.0">
    <ignored/>
  </testcase> <!-- testcase33 -->
  <testcase classname="Amazon_Test_Layer.Login_Test_01" name="testcase25" time="0.0">
    <ignored/>
  </testcase> <!-- testcase25 -->
  <testcase classname="Amazon_Test_Layer.Login_Test_01" name="testcase13" time="0.0">
    <ignored/>
  </testcase> <!-- testcase13 -->
  <testcase classname="Amazon_Test_Layer.Login_Test_01" name="testcase21" time="0.0">
    <ignored/>
  </testcase> <!-- testcase21 -->
  <testcase classname="Amazon_Test_Layer.Login_Test_01" name="testcase53" time="0.0">
    <ignored/>
  </testcase> <!-- testcase53 -->
  <testcase classname="Amazon_Test_Layer.Login_Test_01" name="testcase05" time="0.0">
    <ignored/>
  </testcase> <!-- testcase05 -->
  <testcase classname="Amazon_Test_Layer.Login_Test_01" name="testcase49" time="0.0">
    <ignored/>
  </testcase> <!-- testcase49 -->
  <testcase classname="Amazon_Test_Layer.Login_Test_01" name="testcase37" time="0.0">
    <ignored/>
  </testcase> <!-- testcase37 -->
  <testcase classname="Amazon_Test_Layer.Login_Test_01" name="testcase30" time="0.0">
    <ignored/>
  </testcase> <!-- testcase30 -->
  <testcase classname="Amazon_Test_Layer.Login_Test_01" name="testcase08" time="0.0">
    <ignored/>
  </testcase> <!-- testcase08 -->
  <testcase classname="Amazon_Test_Layer.Login_Test_01" name="testcase12" time="0.0">
    <ignored/>
  </testcase> <!-- testcase12 -->
  <testcase classname="Amazon_Test_Layer.Login_Test_01" name="testcase44" time="0.0">
    <ignored/>
  </testcase> <!-- testcase44 -->
  <testcase classname="Amazon_Test_Layer.Login_Test_01" name="testcase36" time="0.0">
    <ignored/>
  </testcase> <!-- testcase36 -->
  <testcase classname="Amazon_Test_Layer.Login_Test_01" name="testcase24" time="0.0">
    <ignored/>
  </testcase> <!-- testcase24 -->
  <testcase classname="Amazon_Test_Layer.Login_Test_01" name="testcase32" time="0.0">
    <ignored/>
  </testcase> <!-- testcase32 -->
  <testcase classname="Amazon_Test_Layer.Login_Test_01" name="testcase20" time="0.0">
    <ignored/>
  </testcase> <!-- testcase20 -->
  <testcase classname="Amazon_Test_Layer.Login_Test_01" name="testcase16" time="0.0">
    <ignored/>
  </testcase> <!-- testcase16 -->
  <testcase classname="Amazon_Test_Layer.Login_Test_01" name="testcase04" time="0.0">
    <ignored/>
  </testcase> <!-- testcase04 -->
  <testcase classname="Amazon_Test_Layer.Login_Test_01" name="testcase48" time="0.0">
    <ignored/>
  </testcase> <!-- testcase48 -->
  <testcase classname="Amazon_Test_Layer.Login_Test_01" name="testcase41" time="0.0">
    <ignored/>
  </testcase> <!-- testcase41 -->
  <testcase classname="Amazon_Test_Layer.Login_Test_01" name="testcase19" time="0.0">
    <ignored/>
  </testcase> <!-- testcase19 -->
  <testcase classname="Amazon_Test_Layer.Login_Test_01" name="testcase07" time="0.0">
    <ignored/>
  </testcase> <!-- testcase07 -->
  <testcase classname="Amazon_Test_Layer.Login_Test_01" name="testcase39" time="0.0">
    <ignored/>
  </testcase> <!-- testcase39 -->
  <testcase classname="Amazon_Test_Layer.Login_Test_01" name="testcase23" time="0.0">
    <ignored/>
  </testcase> <!-- testcase23 -->
  <testcase classname="Amazon_Test_Layer.Login_Test_01" name="testcase11" time="0.0">
    <ignored/>
  </testcase> <!-- testcase11 -->
  <testcase classname="Amazon_Test_Layer.Login_Test_01" name="testcase03" time="0.0">
    <ignored/>
  </testcase> <!-- testcase03 -->
  <testcase classname="Amazon_Test_Layer.Login_Test_01" name="testcase47" time="0.0">
    <ignored/>
  </testcase> <!-- testcase47 -->
  <testcase classname="Amazon_Test_Layer.Login_Test_01" name="testcase35" time="0.0">
    <ignored/>
  </testcase> <!-- testcase35 -->
  <testcase classname="Amazon_Test_Layer.Login_Test_01" name="testcase43" time="0.0">
    <ignored/>
  </testcase> <!-- testcase43 -->
  <testcase classname="Amazon_Test_Layer.Login_Test_01" name="testcase31" time="0.0">
    <ignored/>
  </testcase> <!-- testcase31 -->
  <testcase classname="Amazon_Test_Layer.Login_Test_01" name="testcase50" time="0.0">
    <ignored/>
  </testcase> <!-- testcase50 -->
  <testcase classname="Amazon_Test_Layer.Login_Test_01" name="testcase27" time="0.0">
    <ignored/>
  </testcase> <!-- testcase27 -->
  <testcase classname="Amazon_Test_Layer.Login_Test_01" name="testcase15" time="0.0">
    <ignored/>
  </testcase> <!-- testcase15 -->
  <testcase classname="Amazon_Test_Layer.Login_Test_01" name="testcase52" time="0.0">
    <ignored/>
  </testcase> <!-- testcase52 -->
  <testcase classname="Amazon_Test_Layer.Login_Test_01" name="testcase40" time="0.0">
    <ignored/>
  </testcase> <!-- testcase40 -->
  <testcase classname="Amazon_Test_Layer.Login_Test_01" name="testcase18" time="0.0">
    <ignored/>
  </testcase> <!-- testcase18 -->
  <testcase classname="Amazon_Test_Layer.Login_Test_01" name="testcase06" time="0.0">
    <ignored/>
  </testcase> <!-- testcase06 -->
  <testcase classname="Amazon_Test_Layer.Login_Test_01" name="testcase34" time="0.0">
    <ignored/>
  </testcase> <!-- testcase34 -->
  <testcase classname="Amazon_Test_Layer.Login_Test_01" name="testcase22" time="0.0">
    <ignored/>
  </testcase> <!-- testcase22 -->
  <testcase classname="Amazon_Test_Layer.Login_Test_01" name="testcase14" time="0.0">
    <ignored/>
  </testcase> <!-- testcase14 -->
  <testcase classname="Amazon_Test_Layer.Login_Test_01" name="testcase02" time="0.0">
    <ignored/>
  </testcase> <!-- testcase02 -->
  <testcase classname="Amazon_Test_Layer.Login_Test_01" name="testcase46" time="0.0">
    <ignored/>
  </testcase> <!-- testcase46 -->
  <testcase classname="Amazon_Test_Layer.Login_Test_01" name="testcase10" time="0.0">
    <ignored/>
  </testcase> <!-- testcase10 -->
  <testcase classname="Amazon_Test_Layer.Login_Test_01" name="testcase42" time="0.0">
    <ignored/>
  </testcase> <!-- testcase42 -->
  <testcase classname="Amazon_Test_Layer.Login_Test_01" name="testcase38" time="0.0">
    <ignored/>
  </testcase> <!-- testcase38 -->
  <testcase classname="Amazon_Test_Layer.Login_Test_01" name="testcase26" time="0.0">
    <ignored/>
  </testcase> <!-- testcase26 -->
</testsuite> <!-- Default test -->
